<?xml version="1.0" encoding="UTF-8"?>
<!-- Generated by org.testng.reporters.JUnitReportReporter -->
<testsuite hostname="user-PC" failures="0" tests="2" name="BasicSelenium.BasicTestNG" time="0.027" errors="0" timestamp="2019-12-21T20:52:26 IST" skipped="0">
  <testcase classname="BasicSelenium.BasicTestNG" name="gettitle" time="0.017"/>
  <testcase classname="BasicSelenium.BasicTestNG" name="URL" time="0.010"/>
</testsuite> <!-- BasicSelenium.BasicTestNG -->
